JH-235-vr-canvas/test.apk/launcher/build/intermediates/manifest_merge_blame_file/debug/manifest-merger-blame-debug-report.txt
1<?xml version="1.0" encoding="utf-8"?>
2<manifest xmlns:android="http://schemas.android.com/apk/res/android"
3    package="com.RMIT.JH235vrcanvas"
4    android:installLocation="preferExternal"
5    android:versionCode="1"
6    android:versionName="0.0.1" >
7
8    <uses-sdk
9        android:minSdkVersion="29"
9-->src\main\AndroidManifest.xml
10        android:targetSdkVersion="30" />
10-->src\main\AndroidManifest.xml
11
12    <supports-screens
12-->src\main\AndroidManifest.xml:3:3-163
13        android:anyDensity="true"
13-->src\main\AndroidManifest.xml:3:135-160
14        android:largeScreens="true"
14-->src\main\AndroidManifest.xml:3:78-105
15        android:normalScreens="true"
15-->src\main\AndroidManifest.xml:3:49-77
16        android:smallScreens="true"
16-->src\main\AndroidManifest.xml:3:21-48
17        android:xlargeScreens="true" />
17-->src\main\AndroidManifest.xml:3:106-134
18
19    <uses-feature android:glEsVersion="0x00030000" />
19-->[:unityLibrary] AndroidManifest.xml:12:5-54
19-->[:unityLibrary] AndroidManifest.xml:12:19-51
20    <uses-feature
20-->[:unityLibrary] AndroidManifest.xml:13:5-15:36
21        android:name="android.hardware.vulkan.version"
21-->[:unityLibrary] AndroidManifest.xml:14:9-55
22        android:required="false" />
22-->[:unityLibrary] AndroidManifest.xml:15:9-33
23
24    <uses-permission android:name="android.permission.INTERNET" />
24-->[:unityLibrary] AndroidManifest.xml:17:5-67
24-->[:unityLibrary] AndroidManifest.xml:17:22-64
25
26    <uses-feature
26-->[:unityLibrary] AndroidManifest.xml:19:5-21:36
27        android:name="android.hardware.touchscreen"
27-->[:unityLibrary] AndroidManifest.xml:20:9-52
28        android:required="false" />
28-->[:unityLibrary] AndroidManifest.xml:21:9-33
29    <uses-feature
29-->[:unityLibrary] AndroidManifest.xml:22:5-24:36
30        android:name="android.hardware.touchscreen.multitouch"
30-->[:unityLibrary] AndroidManifest.xml:23:9-63
31        android:required="false" />
31-->[:unityLibrary] AndroidManifest.xml:24:9-33
32    <uses-feature
32-->[:unityLibrary] AndroidManifest.xml:25:5-27:36
33        android:name="android.hardware.touchscreen.multitouch.distinct"
33-->[:unityLibrary] AndroidManifest.xml:26:9-72
34        android:required="false" />
34-->[:unityLibrary] AndroidManifest.xml:27:9-33
35
36    <uses-permission android:name="android.permission.WRITE_SETTINGS" />
36-->[:unityLibrary] AndroidManifest.xml:29:5-73
36-->[:unityLibrary] AndroidManifest.xml:29:22-70
37
38    <application
38-->src\main\AndroidManifest.xml:4:3-83
39        android:debuggable="true"
40        android:extractNativeLibs="true"
40-->[:unityLibrary] AndroidManifest.xml:32:9-41
41        android:icon="@mipmap/app_icon"
41-->src\main\AndroidManifest.xml:4:49-80
42        android:label="@string/app_name"
42-->src\main\AndroidManifest.xml:4:16-48
43        android:requestLegacyExternalStorage="true" >
43-->[:unityLibrary] AndroidManifest.xml:33:9-52
44        <activity
44-->[:unityLibrary] AndroidManifest.xml:34:9-54:20
45            android:name="com.unity3d.player.UnityPlayerActivity"
45-->[:unityLibrary] AndroidManifest.xml:35:13-66
46            android:configChanges="mcc|mnc|locale|touchscreen|keyboard|keyboardHidden|navigation|orientation|screenLayout|uiMode|screenSize|smallestScreenSize|fontScale|layoutDirection|density"
46-->[:unityLibrary] AndroidManifest.xml:36:13-194
47            android:hardwareAccelerated="false"
47-->[:unityLibrary] AndroidManifest.xml:37:13-48
48            android:launchMode="singleTask"
48-->[:unityLibrary] AndroidManifest.xml:38:13-44
49            android:resizeableActivity="false"
49-->[:unityLibrary] AndroidManifest.xml:39:13-47
50            android:screenOrientation="landscape"
50-->[:unityLibrary] AndroidManifest.xml:40:13-50
51            android:theme="@style/UnityThemeSelector" >
51-->[:unityLibrary] AndroidManifest.xml:41:13-54
52            <intent-filter>
52-->[:unityLibrary] AndroidManifest.xml:42:13-46:29
53                <action android:name="android.intent.action.MAIN" />
53-->[:unityLibrary] AndroidManifest.xml:43:17-69
53-->[:unityLibrary] AndroidManifest.xml:43:25-66
54
55                <category android:name="android.intent.category.LAUNCHER" />
55-->[:unityLibrary] AndroidManifest.xml:45:17-77
55-->[:unityLibrary] AndroidManifest.xml:45:27-74
56            </intent-filter>
57
58            <meta-data
58-->[:unityLibrary] AndroidManifest.xml:48:13-50:40
59                android:name="unityplayer.UnityActivity"
59-->[:unityLibrary] AndroidManifest.xml:49:17-57
60                android:value="true" />
60-->[:unityLibrary] AndroidManifest.xml:50:17-37
61            <meta-data
61-->[:unityLibrary] AndroidManifest.xml:51:13-53:40
62                android:name="android.notch_support"
62-->[:unityLibrary] AndroidManifest.xml:52:17-53
63                android:value="true" />
63-->[:unityLibrary] AndroidManifest.xml:53:17-37
64        </activity>
65
66        <meta-data
66-->[:unityLibrary] AndroidManifest.xml:56:9-58:33
67            android:name="unity.splash-mode"
67-->[:unityLibrary] AndroidManifest.xml:57:13-45
68            android:value="0" />
68-->[:unityLibrary] AndroidManifest.xml:58:13-30
69        <meta-data
69-->[:unityLibrary] AndroidManifest.xml:59:9-61:36
70            android:name="unity.splash-enable"
70-->[:unityLibrary] AndroidManifest.xml:60:13-47
71            android:value="True" />
71-->[:unityLibrary] AndroidManifest.xml:61:13-33
72        <meta-data
72-->[:unityLibrary] AndroidManifest.xml:62:9-64:36
73            android:name="unity.launch-fullscreen"
73-->[:unityLibrary] AndroidManifest.xml:63:13-51
74            android:value="True" />
74-->[:unityLibrary] AndroidManifest.xml:64:13-33
75        <meta-data
75-->[:unityLibrary] AndroidManifest.xml:65:9-67:37
76            android:name="unity.allow-resizable-window"
76-->[:unityLibrary] AndroidManifest.xml:66:13-56
77            android:value="False" />
77-->[:unityLibrary] AndroidManifest.xml:67:13-34
78        <meta-data
78-->[:unityLibrary] AndroidManifest.xml:68:9-70:50
79            android:name="notch.config"
79-->[:unityLibrary] AndroidManifest.xml:69:13-40
80            android:value="portrait|landscape" />
80-->[:unityLibrary] AndroidManifest.xml:70:13-47
81        <meta-data
81-->[:unityLibrary] AndroidManifest.xml:71:9-73:36
82            android:name="unity.auto-report-fully-drawn"
82-->[:unityLibrary] AndroidManifest.xml:72:13-57
83            android:value="true" />
83-->[:unityLibrary] AndroidManifest.xml:73:13-33
84        <meta-data
84-->[:unityLibrary] AndroidManifest.xml:74:9-76:34
85            android:name="pvr.app.type"
85-->[:unityLibrary] AndroidManifest.xml:75:13-40
86            android:value="vr" />
86-->[:unityLibrary] AndroidManifest.xml:76:13-31
87        <meta-data
87-->[:unityLibrary] AndroidManifest.xml:77:9-79:51
88            android:name="pvr.sdk.version"
88-->[:unityLibrary] AndroidManifest.xml:78:13-43
89            android:value="XR Platform_2.1.4.3" />
89-->[:unityLibrary] AndroidManifest.xml:79:13-48
90        <meta-data
90-->[:unityLibrary] AndroidManifest.xml:80:9-82:33
91            android:name="enable_cpt"
91-->[:unityLibrary] AndroidManifest.xml:81:13-38
92            android:value="0" />
92-->[:unityLibrary] AndroidManifest.xml:82:13-30
93        <meta-data
93-->[:unityLibrary] AndroidManifest.xml:83:9-85:33
94            android:name="enable_entitlementcheck"
94-->[:unityLibrary] AndroidManifest.xml:84:13-51
95            android:value="0" />
95-->[:unityLibrary] AndroidManifest.xml:85:13-30
96        <meta-data
96-->[:unityLibrary] AndroidManifest.xml:86:9-88:33
97            android:name="handtracking"
97-->[:unityLibrary] AndroidManifest.xml:87:13-40
98            android:value="0" />
98-->[:unityLibrary] AndroidManifest.xml:88:13-30
99        <meta-data
99-->[:unityLibrary] AndroidManifest.xml:89:9-91:33
100            android:name="rendering_mode"
100-->[:unityLibrary] AndroidManifest.xml:90:13-42
101            android:value="0" />
101-->[:unityLibrary] AndroidManifest.xml:91:13-30
102        <meta-data
102-->[:unityLibrary] AndroidManifest.xml:92:9-94:33
103            android:name="display_rate"
103-->[:unityLibrary] AndroidManifest.xml:93:13-40
104            android:value="0" />
104-->[:unityLibrary] AndroidManifest.xml:94:13-30
105        <meta-data
105-->[:unityLibrary] AndroidManifest.xml:95:9-97:33
106            android:name="color_Space"
106-->[:unityLibrary] AndroidManifest.xml:96:13-39
107            android:value="1" />
107-->[:unityLibrary] AndroidManifest.xml:97:13-30
108        <meta-data
108-->[:unityLibrary] AndroidManifest.xml:98:9-100:33
109            android:name="MRCsupport"
109-->[:unityLibrary] AndroidManifest.xml:99:13-38
110            android:value="1" />
110-->[:unityLibrary] AndroidManifest.xml:100:13-30
111        <meta-data
111-->[:unityLibrary] AndroidManifest.xml:101:9-103:33
112            android:name="pvr.LateLatchingDebug"
112-->[:unityLibrary] AndroidManifest.xml:102:13-49
113            android:value="0" />
113-->[:unityLibrary] AndroidManifest.xml:103:13-30
114    </application>
115
116</manifest>